Release 14.7 - xst P.20131013 (nt64)
Copyright (c) 1995-2013 Xilinx, Inc.  All rights reserved.
--> Parameter TMPDIR set to xst/projnav.tmp


Total REAL time to Xst completion: 0.00 secs
Total CPU time to Xst completion: 0.08 secs
 
--> Parameter xsthdpdir set to xst


Total REAL time to Xst completion: 0.00 secs
Total CPU time to Xst completion: 0.08 secs
 
--> Reading design: detektor6b_moora.prj

TABLE OF CONTENTS
  1) Synthesis Options Summary
  2) HDL Compilation
  3) Design Hierarchy Analysis
  4) HDL Analysis
  5) HDL Synthesis
     5.1) HDL Synthesis Report
  6) Advanced HDL Synthesis
     6.1) Advanced HDL Synthesis Report
  7) Low Level Synthesis
  8) Partition Report
  9) Final Report

=========================================================================
*                      Synthesis Options Summary                        *
=========================================================================
---- Source Parameters
Input File Name                    : "detektor6b_moora.prj"
Input Format                       : mixed
Ignore Synthesis Constraint File   : NO

---- Target Parameters
Output File Name                   : "detektor6b_moora"
Output Format                      : NGC
Target Device                      : XC9500XL CPLDs

---- Source Options
Top Module Name                    : detektor6b_moora
Automatic FSM Extraction           : YES
FSM Encoding Algorithm             : Auto
Safe Implementation                : No
Mux Extraction                     : Yes
Resource Sharing                   : YES

---- Target Options
Add IO Buffers                     : YES
MACRO Preserve                     : YES
XOR Preserve                       : YES
Equivalent register Removal        : YES

---- General Options
Optimization Goal                  : Speed
Optimization Effort                : 1
Keep Hierarchy                     : Yes
Netlist Hierarchy                  : As_Optimized
RTL Output                         : Yes
Hierarchy Separator                : /
Bus Delimiter                      : <>
Case Specifier                     : Maintain
Verilog 2001                       : YES

---- Other Options
Clock Enable                       : YES
wysiwyg                            : NO

=========================================================================


=========================================================================
*                          HDL Compilation                              *
=========================================================================
Compiling vhdl file "C:/xxx/lab4_zad/detektor6b_moora.vhd" in Library work.
Entity <detektor6b_moora> compiled.
Entity <detektor6b_moora> (Architecture <behavioral>) compiled.

=========================================================================
*                     Design Hierarchy Analysis                         *
=========================================================================
Analyzing hierarchy for entity <detektor6b_moora> in library <work> (architecture <behavioral>).


=========================================================================
*                            HDL Analysis                               *
=========================================================================
Analyzing Entity <detektor6b_moora> in library <work> (Architecture <behavioral>).
Entity <detektor6b_moora> analyzed. Unit <detektor6b_moora> generated.


=========================================================================
*                           HDL Synthesis                               *
=========================================================================

Performing bidirectional port resolution...

Synthesizing Unit <detektor6b_moora>.
    Related source file is "C:/xxx/lab4_zad/detektor6b_moora.vhd".
WARNING:Xst:647 - Input <CE> is never used. This port will be preserved and left unconnected if it belongs to a top-level block or it belongs to a sub-block and the hierarchy of this sub-block is preserved.
    Found finite state machine <FSM_0> for signal <state>.
    -----------------------------------------------------------------------
    | States             | 7                                              |
    | Transitions        | 14                                             |
    | Inputs             | 1                                              |
    | Outputs            | 1                                              |
    | Clock              | CLK_LF                    (rising_edge)        |
    | Reset              | RST                       (positive)           |
    | Reset type         | synchronous                                    |
    | Reset State        | q0                                             |
    | Power Up State     | q0                                             |
    | Encoding           | automatic                                      |
    | Implementation     | automatic                                      |
    -----------------------------------------------------------------------
    Summary:
	inferred   1 Finite State Machine(s).
Unit <detektor6b_moora> synthesized.


=========================================================================
HDL Synthesis Report

Found no macro
=========================================================================

=========================================================================
*                       Advanced HDL Synthesis                          *
=========================================================================

Analyzing FSM <FSM_0> for best encoding.
Optimizing FSM <state/FSM> on signal <state[1:3]> with gray encoding.
-------------------
 State | Encoding
-------------------
 q0    | 000
 q1    | 001
 q2    | 011
 q3    | 010
 q4    | 110
 q5    | 111
 q6    | 101
-------------------

=========================================================================
Advanced HDL Synthesis Report

Macro Statistics
# FSMs                                                 : 1

=========================================================================

=========================================================================
*                         Low Level Synthesis                           *
=========================================================================

Optimizing unit <detektor6b_moora> ...
  implementation constraint: INIT=r	 : state_FSM_FFd3
  implementation constraint: INIT=r	 : state_FSM_FFd1
  implementation constraint: INIT=r	 : state_FSM_FFd2

=========================================================================
*                           Partition Report                            *
=========================================================================

Partition Implementation Status
-------------------------------

  No Partitions were found in this design.

-------------------------------

=========================================================================
*                            Final Report                               *
=========================================================================
Final Results
RTL Top Level Output File Name     : detektor6b_moora.ngr
Top Level Output File Name         : detektor6b_moora
Output Format                      : NGC
Optimization Goal                  : Speed
Keep Hierarchy                     : Yes
Target Technology                  : XC9500XL CPLDs
Macro Preserve                     : YES
XOR Preserve                       : YES
Clock Enable                       : YES
wysiwyg                            : NO

Design Statistics
# IOs                              : 5

Cell Usage :
# BELS                             : 31
#      AND2                        : 8
#      AND3                        : 2
#      INV                         : 15
#      OR2                         : 6
# FlipFlops/Latches                : 3
#      FD                          : 3
# IO Buffers                       : 4
#      IBUF                        : 3
#      OBUF                        : 1
=========================================================================


Total REAL time to Xst completion: 3.00 secs
Total CPU time to Xst completion: 2.96 secs
 
--> 

Total memory usage is 4506392 kilobytes

Number of errors   :    0 (   0 filtered)
Number of warnings :    1 (   0 filtered)
Number of infos    :    0 (   0 filtered)

