ISim log file
Running: C:\lab5\lab5_zamek_szyforwy\zamek_szyfrowy_testbench_isim_beh.exe -intstyle ise -gui -tclbatch isim.cmd -wdb C:/lab5/lab5_zamek_szyforwy/zamek_szyfrowy_testbench_isim_beh.wdb 
ISim P.20131013 (signature 0x7708f090)
----------------------------------------------------------------------
WARNING:Security:42 - Your software subscription period has lapsed. Your current version of Xilinx tools will continue to function, but you no longer qualify for Xilinx software updates or new releases.


----------------------------------------------------------------------
This is a Full version of ISim.
Time resolution is 1 ps
# onerror resume
# wave add /
# run 1000 ns
Simulator is doing circuit initialization process.
Finished circuit initialization process.
# restart
# run 4us
Simulator is doing circuit initialization process.
Finished circuit initialization process.
# run 2us run 2us
Incorrect usage of command 'run'
Usage: run [ all | continue | <<time> [<unit>]> ]
for detailed help use 'help run'
# run 2us
ERROR: Index 17 out of bound 0 to 16. 
ERROR: In process zamek_szyfrowy_testbench.vhd:symulacja 
 
INFO: Simulator is stopped.
