Release 14.7 - xst P.20131013 (nt64)
Copyright (c) 1995-2013 Xilinx, Inc.  All rights reserved.
--> Parameter TMPDIR set to xst/projnav.tmp


Total REAL time to Xst completion: 0.00 secs
Total CPU time to Xst completion: 0.30 secs
 
--> Parameter xsthdpdir set to xst


Total REAL time to Xst completion: 0.00 secs
Total CPU time to Xst completion: 0.31 secs
 
--> Reading design: zamak_szyfrowy_modul.prj

TABLE OF CONTENTS
  1) Synthesis Options Summary
  2) HDL Compilation
  3) Design Hierarchy Analysis
  4) HDL Analysis
  5) HDL Synthesis
     5.1) HDL Synthesis Report
  6) Advanced HDL Synthesis
     6.1) Advanced HDL Synthesis Report
  7) Low Level Synthesis
  8) Partition Report
  9) Final Report

=========================================================================
*                      Synthesis Options Summary                        *
=========================================================================
---- Source Parameters
Input File Name                    : "zamak_szyfrowy_modul.prj"
Input Format                       : mixed
Ignore Synthesis Constraint File   : NO

---- Target Parameters
Output File Name                   : "zamak_szyfrowy_modul"
Output Format                      : NGC
Target Device                      : XC9500XL CPLDs

---- Source Options
Top Module Name                    : zamak_szyfrowy_modul
Automatic FSM Extraction           : YES
FSM Encoding Algorithm             : Auto
Safe Implementation                : No
Mux Extraction                     : Yes
Resource Sharing                   : YES

---- Target Options
Add IO Buffers                     : YES
MACRO Preserve                     : YES
XOR Preserve                       : YES
Equivalent register Removal        : YES

---- General Options
Optimization Goal                  : Speed
Optimization Effort                : 1
Keep Hierarchy                     : Yes
Netlist Hierarchy                  : As_Optimized
RTL Output                         : Yes
Hierarchy Separator                : /
Bus Delimiter                      : <>
Case Specifier                     : Maintain
Verilog 2001                       : YES

---- Other Options
Clock Enable                       : YES
wysiwyg                            : NO

=========================================================================


=========================================================================
*                          HDL Compilation                              *
=========================================================================
Compiling vhdl file "C:/lab5/lab5_zamek_szyforwy/zamak_szyfrowy_modul.vhd" in Library work.
Entity <zamak_szyfrowy_modul> compiled.
Entity <zamak_szyfrowy_modul> (Architecture <behavioral>) compiled.

=========================================================================
*                     Design Hierarchy Analysis                         *
=========================================================================
Analyzing hierarchy for entity <zamak_szyfrowy_modul> in library <work> (architecture <behavioral>).


=========================================================================
*                            HDL Analysis                               *
=========================================================================
Analyzing Entity <zamak_szyfrowy_modul> in library <work> (Architecture <behavioral>).
Entity <zamak_szyfrowy_modul> analyzed. Unit <zamak_szyfrowy_modul> generated.


=========================================================================
*                           HDL Synthesis                               *
=========================================================================

Performing bidirectional port resolution...

Synthesizing Unit <zamak_szyfrowy_modul>.
    Related source file is "C:/lab5/lab5_zamek_szyforwy/zamak_szyfrowy_modul.vhd".
    Found finite state machine <FSM_0> for signal <state>.
    -----------------------------------------------------------------------
    | States             | 13                                             |
    | Transitions        | 29                                             |
    | Inputs             | 5                                              |
    | Outputs            | 1                                              |
    | Clock              | CLK_XT                    (rising_edge)        |
    | Clock enable       | DO_Rdy                    (positive)           |
    | Reset              | RST                       (positive)           |
    | Reset type         | synchronous                                    |
    | Reset State        | q0                                             |
    | Power Up State     | q0                                             |
    | Encoding           | automatic                                      |
    | Implementation     | automatic                                      |
    -----------------------------------------------------------------------
    Summary:
	inferred   1 Finite State Machine(s).
Unit <zamak_szyfrowy_modul> synthesized.


=========================================================================
HDL Synthesis Report

Found no macro
=========================================================================

=========================================================================
*                       Advanced HDL Synthesis                          *
=========================================================================

Analyzing FSM <FSM_0> for best encoding.
Optimizing FSM <state/FSM> on signal <state[1:4]> with user encoding.
-------------------
 State | Encoding
-------------------
 q0    | 0000
 q1    | 0001
 q2    | 0010
 q3    | 0011
 q4    | 0100
 q5    | 0101
 q6    | 0110
 q7    | 0111
 q8    | 1000
 q9    | 1001
 q10   | 1010
 q11   | 1011
 q12   | 1100
-------------------

=========================================================================
Advanced HDL Synthesis Report

Macro Statistics
# FSMs                                                 : 1

=========================================================================

=========================================================================
*                         Low Level Synthesis                           *
=========================================================================

Optimizing unit <zamak_szyfrowy_modul> ...
  implementation constraint: INIT=r	 : state_FSM_FFd1
  implementation constraint: INIT=r	 : state_FSM_FFd2
  implementation constraint: INIT=r	 : state_FSM_FFd3
  implementation constraint: INIT=r	 : state_FSM_FFd4

=========================================================================
*                           Partition Report                            *
=========================================================================

Partition Implementation Status
-------------------------------

  No Partitions were found in this design.

-------------------------------

=========================================================================
*                            Final Report                               *
=========================================================================
Final Results
RTL Top Level Output File Name     : zamak_szyfrowy_modul.ngr
Top Level Output File Name         : zamak_szyfrowy_modul
Output Format                      : NGC
Optimization Goal                  : Speed
Keep Hierarchy                     : Yes
Target Technology                  : XC9500XL CPLDs
Macro Preserve                     : YES
XOR Preserve                       : YES
Clock Enable                       : YES
wysiwyg                            : NO

Design Statistics
# IOs                              : 12

Cell Usage :
# BELS                             : 200
#      AND2                        : 65
#      AND3                        : 24
#      AND4                        : 8
#      INV                         : 80
#      OR2                         : 22
#      OR3                         : 1
# FlipFlops/Latches                : 4
#      FD                          : 4
# IO Buffers                       : 12
#      IBUF                        : 11
#      OBUF                        : 1
=========================================================================


Total REAL time to Xst completion: 3.00 secs
Total CPU time to Xst completion: 3.43 secs
 
--> 

Total memory usage is 4506376 kilobytes

Number of errors   :    0 (   0 filtered)
Number of warnings :    0 (   0 filtered)
Number of infos    :    0 (   0 filtered)

