Release 14.7 - xst P.20131013 (nt64)
Copyright (c) 1995-2013 Xilinx, Inc.  All rights reserved.
--> Parameter TMPDIR set to xst/projnav.tmp


Total REAL time to Xst completion: 0.00 secs
Total CPU time to Xst completion: 0.08 secs
 
--> Parameter xsthdpdir set to xst


Total REAL time to Xst completion: 0.00 secs
Total CPU time to Xst completion: 0.08 secs
 
--> Reading design: sch.prj

TABLE OF CONTENTS
  1) Synthesis Options Summary
  2) HDL Compilation
  3) Design Hierarchy Analysis
  4) HDL Analysis
  5) HDL Synthesis
     5.1) HDL Synthesis Report
  6) Advanced HDL Synthesis
     6.1) Advanced HDL Synthesis Report
  7) Low Level Synthesis
  8) Partition Report
  9) Final Report
	9.1) Device utilization summary
	9.2) Partition Resource Summary
	9.3) TIMING REPORT


=========================================================================
*                      Synthesis Options Summary                        *
=========================================================================
---- Source Parameters
Input File Name                    : "sch.prj"
Input Format                       : mixed
Ignore Synthesis Constraint File   : NO

---- Target Parameters
Output File Name                   : "sch"
Output Format                      : NGC
Target Device                      : xc3s500e-4-fg320

---- Source Options
Top Module Name                    : sch
Automatic FSM Extraction           : YES
FSM Encoding Algorithm             : Auto
Safe Implementation                : No
FSM Style                          : LUT
RAM Extraction                     : Yes
RAM Style                          : Auto
ROM Extraction                     : Yes
Mux Style                          : Auto
Decoder Extraction                 : YES
Priority Encoder Extraction        : Yes
Shift Register Extraction          : YES
Logical Shifter Extraction         : YES
XOR Collapsing                     : YES
ROM Style                          : Auto
Mux Extraction                     : Yes
Resource Sharing                   : YES
Asynchronous To Synchronous        : NO
Multiplier Style                   : Auto
Automatic Register Balancing       : No

---- Target Options
Add IO Buffers                     : YES
Global Maximum Fanout              : 500
Add Generic Clock Buffer(BUFG)     : 24
Register Duplication               : YES
Slice Packing                      : YES
Optimize Instantiated Primitives   : NO
Use Clock Enable                   : Yes
Use Synchronous Set                : Yes
Use Synchronous Reset              : Yes
Pack IO Registers into IOBs        : Auto
Equivalent register Removal        : YES

---- General Options
Optimization Goal                  : Speed
Optimization Effort                : 1
Keep Hierarchy                     : No
Netlist Hierarchy                  : As_Optimized
RTL Output                         : Yes
Global Optimization                : AllClockNets
Read Cores                         : YES
Write Timing Constraints           : NO
Cross Clock Analysis               : NO
Hierarchy Separator                : /
Bus Delimiter                      : <>
Case Specifier                     : Maintain
Slice Utilization Ratio            : 100
BRAM Utilization Ratio             : 100
Verilog 2001                       : YES
Auto BRAM Packing                  : NO
Slice Utilization Ratio Delta      : 5

=========================================================================


=========================================================================
*                          HDL Compilation                              *
=========================================================================
Compiling vhdl file "C:/Users/lab/lab6/lab5_spartan/lab5_spartan/zamak_szyfrowy_modul.vhd" in Library work.
Architecture behavioral of Entity zamak_szyfrowy_modul is up to date.
Compiling vhdl file "C:/Users/lab/lab6/lab5_spartan/lab5_spartan/sch.vhf" in Library work.
Entity <sch> compiled.
Entity <sch> (Architecture <behavioral>) compiled.

=========================================================================
*                     Design Hierarchy Analysis                         *
=========================================================================
Analyzing hierarchy for entity <sch> in library <work> (architecture <behavioral>).

Analyzing hierarchy for entity <zamak_szyfrowy_modul> in library <work> (architecture <behavioral>).


=========================================================================
*                            HDL Analysis                               *
=========================================================================
Analyzing Entity <sch> in library <work> (Architecture <behavioral>).
WARNING:Xst:2211 - "C:/Users/lab/lab6/lab5_spartan/lab5_spartan/sch.vhf" line 57: Instantiating black box module <PS2_Rx>.
Entity <sch> analyzed. Unit <sch> generated.

Analyzing Entity <zamak_szyfrowy_modul> in library <work> (Architecture <behavioral>).
Entity <zamak_szyfrowy_modul> analyzed. Unit <zamak_szyfrowy_modul> generated.


=========================================================================
*                           HDL Synthesis                               *
=========================================================================

Performing bidirectional port resolution...

Synthesizing Unit <zamak_szyfrowy_modul>.
    Related source file is "C:/Users/lab/lab6/lab5_spartan/lab5_spartan/zamak_szyfrowy_modul.vhd".
    Found finite state machine <FSM_0> for signal <state>.
    -----------------------------------------------------------------------
    | States             | 13                                             |
    | Transitions        | 29                                             |
    | Inputs             | 5                                              |
    | Outputs            | 1                                              |
    | Clock              | CLK_XT                    (rising_edge)        |
    | Clock enable       | DO_Rdy                    (positive)           |
    | Reset              | RST                       (positive)           |
    | Reset type         | synchronous                                    |
    | Reset State        | q0                                             |
    | Power Up State     | q0                                             |
    | Encoding           | automatic                                      |
    | Implementation     | LUT                                            |
    -----------------------------------------------------------------------
    Summary:
	inferred   1 Finite State Machine(s).
Unit <zamak_szyfrowy_modul> synthesized.


Synthesizing Unit <sch>.
    Related source file is "C:/Users/lab/lab6/lab5_spartan/lab5_spartan/sch.vhf".
WARNING:Xst:653 - Signal <XLXI_2_RST_openSignal> is used but never assigned. This sourceless signal will be automatically connected to value 0.
Unit <sch> synthesized.


=========================================================================
HDL Synthesis Report

Found no macro
=========================================================================

=========================================================================
*                       Advanced HDL Synthesis                          *
=========================================================================

Analyzing FSM <FSM_0> for best encoding.
Optimizing FSM <XLXI_2/state/FSM> on signal <state[1:13]> with one-hot encoding.
------------------------
 State | Encoding
------------------------
 q0    | 0000000000001
 q1    | 0000000000010
 q2    | 0000000000100
 q3    | 0000000001000
 q4    | 0000000010000
 q5    | 0000000100000
 q6    | 0000001000000
 q7    | 0000010000000
 q8    | 0000100000000
 q9    | 0001000000000
 q10   | 0010000000000
 q11   | 0100000000000
 q12   | 1000000000000
------------------------
Reading core <PS2_Rx.ngc>.
Loading core <PS2_Rx> for timing and area information for instance <XLXI_1>.

=========================================================================
Advanced HDL Synthesis Report

Macro Statistics
# FSMs                                                 : 1

=========================================================================

=========================================================================
*                         Low Level Synthesis                           *
=========================================================================

Optimizing unit <sch> ...

Mapping all equations...
Building and optimizing final netlist ...
Found area constraint ratio of 100 (+ 5) on block sch, actual ratio is 0.

Final Macro Processing ...

=========================================================================
Final Register Report

Macro Statistics
# Registers                                            : 13
 Flip-Flops                                            : 13

=========================================================================

=========================================================================
*                           Partition Report                            *
=========================================================================

Partition Implementation Status
-------------------------------

  No Partitions were found in this design.

-------------------------------

=========================================================================
*                            Final Report                               *
=========================================================================
Final Results
RTL Top Level Output File Name     : sch.ngr
Top Level Output File Name         : sch
Output Format                      : NGC
Optimization Goal                  : Speed
Keep Hierarchy                     : No

Design Statistics
# IOs                              : 4

Cell Usage :
# BELS                             : 85
#      GND                         : 2
#      INV                         : 4
#      LUT1                        : 7
#      LUT2                        : 14
#      LUT2_L                      : 1
#      LUT3                        : 12
#      LUT3_D                      : 1
#      LUT3_L                      : 1
#      LUT4                        : 19
#      LUT4_D                      : 4
#      LUT4_L                      : 3
#      MUXCY                       : 7
#      MUXF5                       : 1
#      VCC                         : 1
#      XORCY                       : 8
# FlipFlops/Latches                : 46
#      FD                          : 11
#      FDE                         : 12
#      FDR                         : 1
#      FDRE                        : 21
#      FDSE                        : 1
# Clock Buffers                    : 1
#      BUFGP                       : 1
# IO Buffers                       : 3
#      IBUF                        : 2
#      OBUF                        : 1
=========================================================================

Device utilization summary:
---------------------------

Selected Device : 3s500efg320-4 

 Number of Slices:                       38  out of   4656     0%  
 Number of Slice Flip Flops:             46  out of   9312     0%  
 Number of 4 input LUTs:                 66  out of   9312     0%  
 Number of IOs:                           4
 Number of bonded IOBs:                   4  out of    232     1%  
 Number of GCLKs:                         1  out of     24     4%  

---------------------------
Partition Resource Summary:
---------------------------

  No Partitions were found in this design.

---------------------------


=========================================================================
TIMING REPORT

NOTE: THESE TIMING NUMBERS ARE ONLY A SYNTHESIS ESTIMATE.
      FOR ACCURATE TIMING INFORMATION PLEASE REFER TO THE TRACE REPORT
      GENERATED AFTER PLACE-and-ROUTE.

Clock Information:
------------------
-----------------------------------+------------------------+-------+
Clock Signal                       | Clock buffer(FF name)  | Load  |
-----------------------------------+------------------------+-------+
Clk_XT                             | BUFGP                  | 46    |
-----------------------------------+------------------------+-------+

Asynchronous Control Signals Information:
----------------------------------------
No asynchronous control signals found in this design

Timing Summary:
---------------
Speed Grade: -4

   Minimum period: 6.500ns (Maximum Frequency: 153.846MHz)
   Minimum input arrival time before clock: 3.980ns
   Maximum output required time after clock: 4.310ns
   Maximum combinational path delay: No path found

Timing Detail:
--------------
All values displayed in nanoseconds (ns)

=========================================================================
Timing constraint: Default period analysis for Clock 'Clk_XT'
  Clock period: 6.500ns (frequency: 153.846MHz)
  Total number of paths / destination ports: 519 / 88
-------------------------------------------------------------------------
Delay:               6.500ns (Levels of Logic = 6)
  Source:            XLXI_1/reg10b_4 (FF)
  Destination:       XLXI_2/state_FSM_FFd13 (FF)
  Source Clock:      Clk_XT rising
  Destination Clock: Clk_XT rising

  Data Path: XLXI_1/reg10b_4 to XLXI_2/state_FSM_FFd13
                                Gate     Net
    Cell:in->out      fanout   Delay   Delay  Logical Name (Net Name)
    ----------------------------------------  ------------
     FDE:C->Q              5   0.591   0.808  reg10b_4 (DO<4>)
     end scope: 'XLXI_1'
     LUT3_D:I0->O          4   0.704   0.666  XLXI_2/state_cmp_eq000011 (N4)
     LUT4:I1->O            3   0.704   0.566  XLXI_2/state_FSM_FFd13-In42 (XLXI_2/state_FSM_FFd13-In42)
     LUT3:I2->O            1   0.704   0.000  XLXI_2/state_FSM_FFd13-In59_SW1_G (N18)
     MUXF5:I1->O           1   0.321   0.424  XLXI_2/state_FSM_FFd13-In59_SW1 (N10)
     LUT4:I3->O            1   0.704   0.000  XLXI_2/state_FSM_FFd13-In78 (XLXI_2/state_FSM_FFd13-In)
     FDSE:D                    0.308          XLXI_2/state_FSM_FFd13
    ----------------------------------------
    Total                      6.500ns (4.036ns logic, 2.464ns route)
                                       (62.1% logic, 37.9% route)

=========================================================================
Timing constraint: Default OFFSET IN BEFORE for Clock 'Clk_XT'
  Total number of paths / destination ports: 3 / 3
-------------------------------------------------------------------------
Offset:              3.980ns (Levels of Logic = 4)
  Source:            PS2_Data (PAD)
  Destination:       XLXI_1/ByteRdy (FF)
  Destination Clock: Clk_XT rising

  Data Path: PS2_Data to XLXI_1/ByteRdy
                                Gate     Net
    Cell:in->out      fanout   Delay   Delay  Logical Name (Net Name)
    ----------------------------------------  ------------
     IBUF:I->O             2   1.218   0.622  PS2_Data_IBUF (PS2_Data_IBUF)
     begin scope: 'XLXI_1'
     LUT2:I0->O            1   0.704   0.424  ByteRdy_and0000_SW0_SW0 (N21)
     LUT4:I3->O            1   0.704   0.000  ByteRdy_and0000 (ByteRdy_and0000)
     FDR:D                     0.308          ByteRdy
    ----------------------------------------
    Total                      3.980ns (2.934ns logic, 1.046ns route)
                                       (73.7% logic, 26.3% route)

=========================================================================
Timing constraint: Default OFFSET OUT AFTER for Clock 'Clk_XT'
  Total number of paths / destination ports: 1 / 1
-------------------------------------------------------------------------
Offset:              4.310ns (Levels of Logic = 1)
  Source:            XLXI_2/state_FSM_FFd1 (FF)
  Destination:       Y (PAD)
  Source Clock:      Clk_XT rising

  Data Path: XLXI_2/state_FSM_FFd1 to Y
                                Gate     Net
    Cell:in->out      fanout   Delay   Delay  Logical Name (Net Name)
    ----------------------------------------  ------------
     FDRE:C->Q             2   0.591   0.447  XLXI_2/state_FSM_FFd1 (XLXI_2/state_FSM_FFd1)
     OBUF:I->O                 3.272          Y_OBUF (Y)
    ----------------------------------------
    Total                      4.310ns (3.863ns logic, 0.447ns route)
                                       (89.6% logic, 10.4% route)

=========================================================================


Total REAL time to Xst completion: 4.00 secs
Total CPU time to Xst completion: 4.55 secs
 
--> 

Total memory usage is 4523624 kilobytes

Number of errors   :    0 (   0 filtered)
Number of warnings :    2 (   0 filtered)
Number of infos    :    0 (   0 filtered)

