Running: C:\Xilinx\14.7\ISE_DS\ISE\bin\nt64\unwrapped\fuse.exe -intstyle ise -incremental -o E:/Code/Xilinx/lab2/schemat_schemat_sch_tb_isim_fit.exe -prj E:/Code/Xilinx/lab2/schemat_schemat_sch_tb_fit.prj work.schemat_schemat_sch_tb 
ISim P.20131013 (signature 0x7708f090)
Number of CPUs detected in this system: 4
Turning on mult-threading, number of parallel sub-compilation jobs: 8 
Determining compilation order of HDL files
Parsing VHDL file "E:/Code/Xilinx/lab2/netgen/fit/schemat_timesim.vhd" into library work
Parsing VHDL file "E:/Code/Xilinx/lab2/testb.vhd" into library work
Starting static elaboration
Completed static elaboration
Compiling package standard
Compiling package std_logic_1164
Compiling package numeric_std
Compiling package vcomponents
Compiling package textio
Compiling package vital_timing
Compiling package vcomponents
Compiling package vital_primitives
Compiling package vpackage
Compiling architecture x_buf_v of entity X_BUF [\X_BUF(true,true,"UNPLACED",(0,0...]
Compiling architecture x_xor2_v of entity X_XOR2 [\X_XOR2(true,true,"UNPLACED",(0,...]
Compiling architecture x_or2_v of entity X_OR2 [\X_OR2(true,true,"UNPLACED",(0,0...]
Compiling architecture x_zero_v of entity X_ZERO [\X_ZERO("UNPLACED")(1,8)\]
Compiling architecture x_ff_v of entity X_FF [\X_FF(true,true,true,"UNPLACED",...]
Compiling architecture x_and2_v of entity X_AND2 [\X_AND2(true,true,"UNPLACED",(0,...]
Compiling architecture x_inv_v of entity X_INV [\X_INV(true,true,"UNPLACED",(0,0...]
Compiling architecture x_roc_v of entity X_ROC [\X_ROC("UNPLACED",100000,"*")(1,...]
Compiling architecture structure of entity schemat [schemat_default]
Compiling architecture behavioral of entity schemat_schemat_sch_tb
Time Resolution for simulation is 1ps.
Waiting for 8 sub-compilation(s) to finish...
Compiled 28 VHDL Units
Built simulation executable E:/Code/Xilinx/lab2/schemat_schemat_sch_tb_isim_fit.exe
Fuse Memory Usage: 93128 KB
Fuse CPU Usage: 967 ms
