Command line:
   module_isim_beh.exe
     -simmode  gui
     -simrunnum  0
     -socket  53683

Fri Dec 06 18:21:23 2019


 Elaboration Time: 0.03125 sec

 Current Memory Usage: 5160.07 Meg

 Total Signals          : 3
 Total Nets             : 12
 Total Signal Drivers   : 2
 Total Blocks           : 2
 Total Primitive Blocks : 2
 Total Processes        : 2
 Total Traceable Variables  : 8
 Total Scalar Nets and Variables : 372
Total Line Count : 21

 Total Simulation Time: 0.0625 sec

 Current Memory Usage: 5160.07 Meg

Fri Dec 06 18:21:38 2019

