Release 14.7 - xst P.20131013 (nt64)
Copyright (c) 1995-2013 Xilinx, Inc.  All rights reserved.
--> Parameter TMPDIR set to xst/projnav.tmp


Total REAL time to Xst completion: 0.00 secs
Total CPU time to Xst completion: 0.09 secs
 
--> Parameter xsthdpdir set to xst


Total REAL time to Xst completion: 0.00 secs
Total CPU time to Xst completion: 0.09 secs
 
--> Reading design: schematic_module.prj

TABLE OF CONTENTS
  1) Synthesis Options Summary
  2) HDL Compilation
  3) Design Hierarchy Analysis
  4) HDL Analysis
  5) HDL Synthesis
     5.1) HDL Synthesis Report
  6) Advanced HDL Synthesis
     6.1) Advanced HDL Synthesis Report
  7) Low Level Synthesis
  8) Partition Report
  9) Final Report

=========================================================================
*                      Synthesis Options Summary                        *
=========================================================================
---- Source Parameters
Input File Name                    : "schematic_module.prj"
Input Format                       : mixed
Ignore Synthesis Constraint File   : NO

---- Target Parameters
Output File Name                   : "schematic_module"
Output Format                      : NGC
Target Device                      : XC9500XL CPLDs

---- Source Options
Top Module Name                    : schematic_module
Automatic FSM Extraction           : YES
FSM Encoding Algorithm             : Auto
Safe Implementation                : No
Mux Extraction                     : Yes
Resource Sharing                   : YES

---- Target Options
Add IO Buffers                     : YES
MACRO Preserve                     : YES
XOR Preserve                       : YES
Equivalent register Removal        : YES

---- General Options
Optimization Goal                  : Speed
Optimization Effort                : 1
Keep Hierarchy                     : Yes
Netlist Hierarchy                  : As_Optimized
RTL Output                         : Yes
Hierarchy Separator                : /
Bus Delimiter                      : <>
Case Specifier                     : Maintain
Verilog 2001                       : YES

---- Other Options
Clock Enable                       : YES
wysiwyg                            : NO

=========================================================================


=========================================================================
*                          HDL Compilation                              *
=========================================================================
Compiling vhdl file "C:/lab3/module.vhd" in Library work.
Entity <module> compiled.
Entity <module> (Architecture <Behavioral>) compiled.
Compiling vhdl file "C:/lab3/schematic_module.vhf" in Library work.
Entity <schematic_module> compiled.
Entity <schematic_module> (Architecture <BEHAVIORAL>) compiled.

=========================================================================
*                     Design Hierarchy Analysis                         *
=========================================================================
Analyzing hierarchy for entity <schematic_module> in library <work> (architecture <BEHAVIORAL>).

Analyzing hierarchy for entity <module> in library <work> (architecture <Behavioral>).


=========================================================================
*                            HDL Analysis                               *
=========================================================================
Analyzing Entity <schematic_module> in library <work> (Architecture <BEHAVIORAL>).
WARNING:Xst:2211 - "C:/lab3/schematic_module.vhf" line 60: Instantiating black box module <Display4x7S>.
Entity <schematic_module> analyzed. Unit <schematic_module> generated.

Analyzing Entity <module> in library <work> (Architecture <Behavioral>).
INFO:Xst:1561 - "C:/lab3/module.vhd" line 78: Mux is complete : default of case is discarded
Entity <module> analyzed. Unit <module> generated.


=========================================================================
*                           HDL Synthesis                               *
=========================================================================

Performing bidirectional port resolution...

Synthesizing Unit <module>.
    Related source file is "C:/lab3/module.vhd".
    Found 16x8-bit ROM for signal <x$rom0000>.
    Summary:
	inferred   1 ROM(s).
Unit <module> synthesized.


Synthesizing Unit <schematic_module>.
    Related source file is "C:/lab3/schematic_module.vhf".
WARNING:Xst:653 - Signal <XLXI_2_DP_openSignal> is used but never assigned. This sourceless signal will be automatically connected to value 0000.
WARNING:Xst:653 - Signal <XLXI_2_Blank_openSignal> is used but never assigned. This sourceless signal will be automatically connected to value 0000.
WARNING:Xst:653 - Signal <DI<11:4>> is used but never assigned. This sourceless signal will be automatically connected to value 00000000.
Unit <schematic_module> synthesized.


=========================================================================
HDL Synthesis Report

Macro Statistics
# ROMs                                                 : 1
 16x8-bit ROM                                          : 1

=========================================================================

=========================================================================
*                       Advanced HDL Synthesis                          *
=========================================================================

Reading core <Display4x7S.ngc>.
Loading core <Display4x7S> for timing and area information for instance <XLXI_2>.

=========================================================================
Advanced HDL Synthesis Report

Macro Statistics
# ROMs                                                 : 1
 16x8-bit ROM                                          : 1

=========================================================================

=========================================================================
*                         Low Level Synthesis                           *
=========================================================================

Optimizing unit <schematic_module> ...

Optimizing unit <module> ...

=========================================================================
*                           Partition Report                            *
=========================================================================

Partition Implementation Status
-------------------------------

  No Partitions were found in this design.

-------------------------------

=========================================================================
*                            Final Report                               *
=========================================================================
Final Results
RTL Top Level Output File Name     : schematic_module.ngr
Top Level Output File Name         : schematic_module
Output Format                      : NGC
Optimization Goal                  : Speed
Keep Hierarchy                     : Yes
Target Technology                  : XC9500XL CPLDs
Macro Preserve                     : YES
XOR Preserve                       : YES
Clock Enable                       : YES
wysiwyg                            : NO

Design Statistics
# IOs                              : 17

Cell Usage :
# BELS                             : 151
#      AND2                        : 62
#      AND3                        : 1
#      AND4                        : 5
#      GND                         : 1
#      INV                         : 60
#      OR2                         : 10
#      OR4                         : 9
#      OR5                         : 1
#      OR6                         : 2
# FlipFlops/Latches                : 3
#      FD                          : 3
# IO Buffers                       : 17
#      IBUF                        : 5
#      OBUF                        : 12
=========================================================================


Total REAL time to Xst completion: 3.00 secs
Total CPU time to Xst completion: 3.82 secs
 
--> 

Total memory usage is 4523616 kilobytes

Number of errors   :    0 (   0 filtered)
Number of warnings :    4 (   0 filtered)
Number of infos    :    1 (   0 filtered)

